ImageMagick
ImageMagick-devel
apr-devel
byacc
curl-devel
db4-devel
gcc-c++
gdbm-devel
git
glibc-devel
httpd
httpd-devel
ipa-pgothic-fonts
libffi-devel
libical
libuuid-devel
libxml2-devel
libxslt-devel
libyaml-devel
make
mariadb
mariadb-devel
mariadb-server
mercurial
mod_dav_svn
mod_perl
mod_wsgi
ncurses-devel
openssl-devel
patch
perl-Apache-DBI
perl-Digest-SHA
python-docutils
readline-devel
rpm-build
rpmdevtools
ruby
ruby-devel
rubygem-nokogiri
rubygem-rack
rubygem-rake
rubygem-rake-compiler
sqlite-devel
subversion
sudo
tcl-devel
unzip
wget
zlib-devel

