pr-devel
byacc
curl-devel
db4-devel
expat-devel
gcc-c++
gdbm-devel
gettext-devel
glibc-devel
httpd
httpd-devel
ImageMagick
ImageMagick-devel
ipa-pgothic-fonts
libffi-devel
libical
libuuid-devel
libxml2-devel
libxslt-devel
libyaml-devel
make
mercurial
mod_auth_mysql
mod_dav_svn
mod_perl
mod_wsgi
mysql
mysql-devel
mysql-server
ncurses-devel
openssl-devel
patch
perl-Apache-DBI
perl-Digest-SHA
perl-ExtUtils-MakeMaker
python-docutils
readline-devel
rpm-build
rpmdevtools
sqlite-devel
subversion
sudo
tcl-devel
unzip
wget
zlib-devel

