wget
curl
unzip
git
subversion
mercurial
mysql-client
mysql-server
ruby2.1
ruby-switch
ruby2.1-dev
ri2.1
libruby2.1
imagemagick
libmagickcore-dev
libmagickwand-dev
#rubygems
#librmagick-ruby1.8
#rake
#sudo
patch
g++
make
fonts-ipafont-gothic
#libmysql-ruby
libapache2-mod-auth-mysql
#libapache2-mod-passenger
libapache2-svn
libapache2-mod-wsgi
libcurl4-openssl-dev
libxslt1-dev
#apache2-prefork-dev
libapr1-dev
libaprutil1-dev
apache2
#php5
#libapache2-mod-php5
#php5-mysql
#phpmyadmin
libapache2-mod-perl2
libssl-dev
apache2-prefork-dev
libmysqlclient-dev
build-essential
bison
zlib1g-dev
libxml2-dev
sqlite3
libsqlite3-dev
autotools-dev
libyaml-0-2
autoconf
automake
libreadline6-dev
libyaml-dev
libtool
apache2-utils
ssh
zip
libicu-dev
libssh2-1
libssh2-1-dev
cmake
libgpg-error-dev
libdigest-sha-perl
libapache-dbi-perl
#gcc
# for backlogs
#libnokogiri-ruby
libical[01]
python-docutils
#ruby-dev
apache2-mpm-prefork
